0 info it worked if it ends with ok
1 verbose cli [ 'C:\\Program Files\\nodejs\\node.exe',
1 verbose cli   'C:\\Program Files\\nodejs\\node_modules\\npm\\bin\\npm-cli.js',
1 verbose cli   'start' ]
2 info using npm@3.10.8
3 info using node@v6.9.1
4 verbose run-script [ 'prestart', 'start', 'poststart' ]
5 info lifecycle chat-at-fesb@1.0.0~prestart: chat-at-fesb@1.0.0
6 silly lifecycle chat-at-fesb@1.0.0~prestart: no script for prestart, continuing
7 info lifecycle chat-at-fesb@1.0.0~start: chat-at-fesb@1.0.0
8 verbose lifecycle chat-at-fesb@1.0.0~start: unsafe-perm in lifecycle true
9 verbose lifecycle chat-at-fesb@1.0.0~start: PATH: C:\Program Files\nodejs\node_modules\npm\bin\node-gyp-bin;C:\Users\Josip\Desktop\KIMS\chat-at-fesb\lab-1\chat-at-fesb\New folder\node_modules\.bin;C:\ProgramData\Oracle\Java\javapath;C:\WINDOWS\system32;C:\WINDOWS;C:\WINDOWS\System32\Wbem;C:\WINDOWS\System32\WindowsPowerShell\v1.0\;C:\Program Files\Microsoft SQL Server\130\Tools\Binn\;C:\Program Files (x86)\Windows Kits\10\Windows Performance Toolkit\;C:\Program Files (x86)\nodejs\;C:\Program Files\Git\cmd;C:\Program Files\dotnet\;C:\Program Files\Microsoft SQL Server\110\DTS\Binn\;C:\Program Files (x86)\Microsoft SQL Server\110\Tools\Binn\;C:\Program Files\Microsoft SQL Server\110\Tools\Binn\;C:\Program Files (x86)\Microsoft SQL Server\110\Tools\Binn\ManagementStudio\;C:\Program Files (x86)\Microsoft Visual Studio 10.0\Common7\IDE\PrivateAssemblies\;C:\Program Files (x86)\Microsoft SQL Server\110\DTS\Binn\;C:\Program Files\nodejs\;C:\Program Files (x86)\AMD\ATI.ACE\Core-Static;C:\Program Files (x86)\Yarn\bin;C:\HashiCorp\Vagrant\bin;C:\Program Files (x86)\OpenSSH\bin;C:\Users\Josip\AppData\Local\Microsoft\WindowsApps;;C:\Program Files (x86)\Microsoft VS Code\bin;C:\Users\Josip\AppData\Roaming\npm;C:\Users\Josip\AppData\Local\Yarn\.bin
10 verbose lifecycle chat-at-fesb@1.0.0~start: CWD: C:\Users\Josip\Desktop\KIMS\chat-at-fesb\lab-1\chat-at-fesb\New folder
11 silly lifecycle chat-at-fesb@1.0.0~start: Args: [ '/d /s /c', 'electron .' ]
12 silly lifecycle chat-at-fesb@1.0.0~start: Returned: code: 1  signal: null
13 info lifecycle chat-at-fesb@1.0.0~start: Failed to exec start script
14 verbose stack Error: chat-at-fesb@1.0.0 start: `electron .`
14 verbose stack Exit status 1
14 verbose stack     at EventEmitter.<anonymous> (C:\Program Files\nodejs\node_modules\npm\lib\utils\lifecycle.js:255:16)
14 verbose stack     at emitTwo (events.js:106:13)
14 verbose stack     at EventEmitter.emit (events.js:191:7)
14 verbose stack     at ChildProcess.<anonymous> (C:\Program Files\nodejs\node_modules\npm\lib\utils\spawn.js:40:14)
14 verbose stack     at emitTwo (events.js:106:13)
14 verbose stack     at ChildProcess.emit (events.js:191:7)
14 verbose stack     at maybeClose (internal/child_process.js:877:16)
14 verbose stack     at Process.ChildProcess._handle.onexit (internal/child_process.js:226:5)
15 verbose pkgid chat-at-fesb@1.0.0
16 verbose cwd C:\Users\Josip\Desktop\KIMS\chat-at-fesb\lab-1\chat-at-fesb\New folder
17 error Windows_NT 10.0.14393
18 error argv "C:\\Program Files\\nodejs\\node.exe" "C:\\Program Files\\nodejs\\node_modules\\npm\\bin\\npm-cli.js" "start"
19 error node v6.9.1
20 error npm  v3.10.8
21 error code ELIFECYCLE
22 error chat-at-fesb@1.0.0 start: `electron .`
22 error Exit status 1
23 error Failed at the chat-at-fesb@1.0.0 start script 'electron .'.
23 error Make sure you have the latest version of node.js and npm installed.
23 error If you do, this is most likely a problem with the chat-at-fesb package,
23 error not with npm itself.
23 error Tell the author that this fails on your system:
23 error     electron .
23 error You can get information on how to open an issue for this project with:
23 error     npm bugs chat-at-fesb
23 error Or if that isn't available, you can get their info via:
23 error     npm owner ls chat-at-fesb
23 error There is likely additional logging output above.
24 verbose exit [ 1, true ]
